<?xml version="1.0" encoding="UTF-8"?>
<testsuite xmlns:xsi="http://www.w3.org/2001/XMLSchema-instance" xsi:noNamespaceSchemaLocation="https://maven.apache.org/surefire/maven-surefire-plugin/xsd/surefire-test-report.xsd" name="com.adactin.runner.Runner" time="20.243" tests="42" errors="9" skipped="15" failures="0">
  <properties>
[...]
</properties>
  <testcase name="Given User Launch The Adactin Application" classname="| AAA | 1323 |" time="0.016">
    <error type="java.lang.NullPointerException">java.lang.NullPointerException
</error>
    <system-err><![CDATA[Starting ChromeDriver 91.0.4472.19 (1bf021f248676a0b2ab3ee0561d83a59e424c23e-refs/branch-heads/4472@{#288}) on port 3907
Only local connections are allowed.
Please see https://chromedriver.chromium.org/security-considerations for suggestions on keeping ChromeDriver safe.
ChromeDriver was started successfully.
Starting ChromeDriver 89.0.4389.23 (61b08ee2c50024bab004e48d2b1b083cdbdac579-refs/branch-heads/4389@{#294}) on port 9515
Only local connections are allowed.
Please see https://chromedriver.chromium.org/security-considerations for suggestions on keeping ChromeDriver safe.
Invalid --log-level value.
Unable to initialize logging. Exiting...
org.openqa.selenium.WebDriverException: unknown error: Chrome failed to start: was killed.
  (unknown error: DevToolsActivePort file doesn't exist)
  (The process started from chrome location C:\Eclipse\Demo\Adactin_Fasttrack\Driver\chrome.exe is no longer running, so ChromeDriver is assuming that Chrome has crashed.)
Build info: version: '3.141.59', revision: 'e82be7d358', time: '2018-11-14T08:17:03'
System info: host: 'LENOVO', ip: '192.168.56.1', os.name: 'Windows 10', os.arch: 'amd64', os.version: '10.0', java.version: '1.8.0_231'
Driver info: driver.version: ChromeDriver
remote stacktrace: Backtrace:
	Ordinal0 [0x00872DB3+2502067]
	Ordinal0 [0x0080C5B1+2082225]
	Ordinal0 [0x00712498+1057944]
	Ordinal0 [0x0072C84F+1165391]
	Ordinal0 [0x00729C73+1154163]
	Ordinal0 [0x00759A22+1350178]
	Ordinal0 [0x0075967A+1349242]
	Ordinal0 [0x00755BEB+1334251]
	Ordinal0 [0x00732174+1188212]
	Ordinal0 [0x00733009+1191945]
	GetHandleVerifier [0x009EEC5C+1511084]
	GetHandleVerifier [0x00A98522+2205554]
	GetHandleVerifier [0x008F3393+480739]
	GetHandleVerifier [0x008F2579+477129]
	Ordinal0 [0x00811E5D+2104925]
	Ordinal0 [0x008163F8+2122744]
	Ordinal0 [0x00816537+2123063]
	Ordinal0 [0x0081EE53+2158163]
	BaseThreadInitThunk [0x7681FA29+25]
	RtlGetAppContainerNamedObjectPath [0x77BB7A9E+286]
	RtlGetAppContainerNamedObjectPath [0x77BB7A6E+238]

	at sun.reflect.NativeConstructorAccessorImpl.newInstance0(Native Method)
	at sun.reflect.NativeConstructorAccessorImpl.newInstance(Unknown Source)
	at sun.reflect.DelegatingConstructorAccessorImpl.newInstance(Unknown Source)
	at java.lang.reflect.Constructor.newInstance(Unknown Source)
	at org.openqa.selenium.remote.W3CHandshakeResponse.lambda$errorHandler$0(W3CHandshakeResponse.java:62)
	at org.openqa.selenium.remote.HandshakeResponse.lambda$getResponseFunction$0(HandshakeResponse.java:30)
	at org.openqa.selenium.remote.ProtocolHandshake.lambda$createSession$0(ProtocolHandshake.java:126)
	at java.util.stream.ReferencePipeline$3$1.accept(Unknown Source)
	at java.util.Spliterators$ArraySpliterator.tryAdvance(Unknown Source)
	at java.util.stream.ReferencePipeline.forEachWithCancel(Unknown Source)
	at java.util.stream.AbstractPipeline.copyIntoWithCancel(Unknown Source)
	at java.util.stream.AbstractPipeline.copyInto(Unknown Source)
	at java.util.stream.AbstractPipeline.wrapAndCopyInto(Unknown Source)
	at java.util.stream.FindOps$FindOp.evaluateSequential(Unknown Source)
	at java.util.stream.AbstractPipeline.evaluate(Unknown Source)
	at java.util.stream.ReferencePipeline.findFirst(Unknown Source)
	at org.openqa.selenium.remote.ProtocolHandshake.createSession(ProtocolHandshake.java:128)
	at org.openqa.selenium.remote.ProtocolHandshake.createSession(ProtocolHandshake.java:74)
	at org.openqa.selenium.remote.HttpCommandExecutor.execute(HttpCommandExecutor.java:136)
	at org.openqa.selenium.remote.service.DriverCommandExecutor.execute(DriverCommandExecutor.java:83)
	at org.openqa.selenium.remote.RemoteWebDriver.execute(RemoteWebDriver.java:552)
	at org.openqa.selenium.remote.RemoteWebDriver.startSession(RemoteWebDriver.java:213)
	at org.openqa.selenium.remote.RemoteWebDriver.<init>(RemoteWebDriver.java:131)
	at org.openqa.selenium.chrome.ChromeDriver.<init>(ChromeDriver.java:181)
	at org.openqa.selenium.chrome.ChromeDriver.<init>(ChromeDriver.java:168)
	at org.openqa.selenium.chrome.ChromeDriver.<init>(ChromeDriver.java:123)
	at com.adactinsite.baseclass.BaseClass.getDriver(BaseClass.java:40)
	at com.adactin.runner.Runner.setUp(Runner.java:34)
	at sun.reflect.NativeMethodAccessorImpl.invoke0(Native Method)
	at sun.reflect.NativeMethodAccessorImpl.invoke(Unknown Source)
	at sun.reflect.DelegatingMethodAccessorImpl.invoke(Unknown Source)
	at java.lang.reflect.Method.invoke(Unknown Source)
	at org.junit.runners.model.FrameworkMethod$1.runReflectiveCall(FrameworkMethod.java:50)
	at org.junit.internal.runners.model.ReflectiveCallable.run(ReflectiveCallable.java:12)
	at org.junit.runners.model.FrameworkMethod.invokeExplosively(FrameworkMethod.java:47)
	at org.junit.internal.runners.statements.RunBefores.evaluate(RunBefores.java:24)
	at org.junit.internal.runners.statements.RunAfters.evaluate(RunAfters.java:27)
	at org.junit.runners.ParentRunner.run(ParentRunner.java:363)
	at cucumber.api.junit.Cucumber.run(Cucumber.java:100)
	at org.apache.maven.surefire.junit4.JUnit4Provider.execute(JUnit4Provider.java:365)
	at org.apache.maven.surefire.junit4.JUnit4Provider.executeWithRerun(JUnit4Provider.java:273)
	at org.apache.maven.surefire.junit4.JUnit4Provider.executeTestSet(JUnit4Provider.java:238)
	at org.apache.maven.surefire.junit4.JUnit4Provider.invoke(JUnit4Provider.java:159)
	at org.apache.maven.surefire.booter.ForkedBooter.invokeProviderInSameClassLoader(ForkedBooter.java:384)
	at org.apache.maven.surefire.booter.ForkedBooter.runSuitesInProcess(ForkedBooter.java:345)
	at org.apache.maven.surefire.booter.ForkedBooter.execute(ForkedBooter.java:126)
	at org.apache.maven.surefire.booter.ForkedBooter.main(ForkedBooter.java:418)
]]></system-err>
  </testcase>
  <testcase name="| AAA | 1323 |" classname="| AAA | 1323 |" time="0.047">
    <error type="java.lang.NullPointerException">java.lang.NullPointerException
</error>
  </testcase>
  <testcase name="When User Enter The &quot;AAA&quot;  In UserName" classname="| AAA | 1323 |" time="0">
    <skipped/>
  </testcase>
  <testcase name="And User Enter The &quot;1323&quot;  In PassWord" classname="| AAA | 1323 |" time="0">
    <skipped/>
  </testcase>
  <testcase name="Then Click The Login Button And It Navigates To The Search Hotel Page" classname="| AAA | 1323 |" time="0">
    <skipped/>
  </testcase>
  <testcase name="Given User Launch The Adactin Application" classname="| BBB | 234 |" time="0">
    <error type="java.lang.NullPointerException">java.lang.NullPointerException
</error>
  </testcase>
  <testcase name="| BBB | 234 |" classname="| BBB | 234 |" time="0">
    <error type="java.lang.NullPointerException">java.lang.NullPointerException
</error>
  </testcase>
  <testcase name="When User Enter The &quot;BBB&quot;  In UserName" classname="| BBB | 234 |" time="0">
    <skipped/>
  </testcase>
  <testcase name="And User Enter The &quot;234&quot;  In PassWord" classname="| BBB | 234 |" time="0">
    <skipped/>
  </testcase>
  <testcase name="Then Click The Login Button And It Navigates To The Search Hotel Page" classname="| BBB | 234 |" time="0">
    <skipped/>
  </testcase>
  <testcase name="Given User Launch The Adactin Application" classname="| SuriyaVeeran17 | Music17 |" time="0">
    <error type="java.lang.NullPointerException">java.lang.NullPointerException
</error>
  </testcase>
  <testcase name="| SuriyaVeeran17 | Music17 |" classname="| SuriyaVeeran17 | Music17 |" time="0">
    <error type="java.lang.NullPointerException">java.lang.NullPointerException
</error>
  </testcase>
  <testcase name="When User Enter The &quot;SuriyaVeeran17&quot;  In UserName" classname="| SuriyaVeeran17 | Music17 |" time="0">
    <skipped/>
  </testcase>
  <testcase name="And User Enter The &quot;Music17&quot;  In PassWord" classname="| SuriyaVeeran17 | Music17 |" time="0">
    <skipped/>
  </testcase>
  <testcase name="Then Click The Login Button And It Navigates To The Search Hotel Page" classname="| SuriyaVeeran17 | Music17 |" time="0">
    <skipped/>
  </testcase>
  <testcase name="When User Select The Location" classname="Scenario: User Search And Select The Room And Details In The Select Hotel Page" time="0"/>
  <testcase name="And User Select The Hotel" classname="Scenario: User Search And Select The Room And Details In The Select Hotel Page" time="0"/>
  <testcase name="And User Select The Room Type" classname="Scenario: User Search And Select The Room And Details In The Select Hotel Page" time="0"/>
  <testcase name="And User Select The Number Of Rooms" classname="Scenario: User Search And Select The Room And Details In The Select Hotel Page" time="0"/>
  <testcase name="And User Select The Check In Date" classname="Scenario: User Search And Select The Room And Details In The Select Hotel Page" time="0">
    <error type="java.lang.NullPointerException">java.lang.NullPointerException
</error>
  </testcase>
  <testcase name="Scenario: User Search And Select The Room And Details In The Select Hotel Page" classname="Scenario: User Search And Select The Room And Details In The Select Hotel Page" time="0">
    <error type="java.lang.NullPointerException">java.lang.NullPointerException
</error>
  </testcase>
  <testcase name="And User Select The Check Out Date" classname="Scenario: User Search And Select The Room And Details In The Select Hotel Page" time="0">
    <skipped/>
  </testcase>
  <testcase name="And User Select The Adults Per Room" classname="Scenario: User Search And Select The Room And Details In The Select Hotel Page" time="0">
    <skipped/>
  </testcase>
  <testcase name="And User Select The Children Per Room" classname="Scenario: User Search And Select The Room And Details In The Select Hotel Page" time="0">
    <skipped/>
  </testcase>
  <testcase name="Then User Click The Search Button It Navigates To The Select Hotel Page" classname="Scenario: User Search And Select The Room And Details In The Select Hotel Page" time="0">
    <skipped/>
  </testcase>
  <testcase name="When User Click The Select Button" classname="Scenario: User Confirm The Room In Search Hotel page" time="0"/>
  <testcase name="Then User Click The Continue Button It Navigates To The Book A Hotel Page" classname="Scenario: User Confirm The Room In Search Hotel page" time="0"/>
  <testcase name="Scenario: User Confirm The Room In Search Hotel page" classname="Scenario: User Confirm The Room In Search Hotel page" time="0"/>
  <testcase name="When User Enter The Valid First Name" classname="Scenario: User Book The Room And Payment Details In Search Hotel page" time="0"/>
  <testcase name="And User Enter The Valid Last Name" classname="Scenario: User Book The Room And Payment Details In Search Hotel page" time="0"/>
  <testcase name="And User Enter The Billing Address" classname="Scenario: User Book The Room And Payment Details In Search Hotel page" time="0"/>
  <testcase name="And User Enter The Valid Credit Card Number" classname="Scenario: User Book The Room And Payment Details In Search Hotel page" time="0"/>
  <testcase name="And User Choose The Credit Card Type" classname="Scenario: User Book The Room And Payment Details In Search Hotel page" time="0"/>
  <testcase name="And User Select The Select Month In The Expiry Date Box" classname="Scenario: User Book The Room And Payment Details In Search Hotel page" time="0"/>
  <testcase name="And User Select The Select Year In The Expiry Date Box" classname="Scenario: User Book The Room And Payment Details In Search Hotel page" time="0"/>
  <testcase name="And User Enter The CVV Number" classname="Scenario: User Book The Room And Payment Details In Search Hotel page" time="0"/>
  <testcase name="Then User Click The Book Now Button It Navigates To The Booking Confirmation Page" classname="Scenario: User Book The Room And Payment Details In Search Hotel page" time="0"/>
  <testcase name="Scenario: User Book The Room And Payment Details In Search Hotel page" classname="Scenario: User Book The Room And Payment Details In Search Hotel page" time="0"/>
  <testcase name="Then User Click The Logout Button" classname="Scenario: User LogOut In The My Itinerary Page" time="0">
    <skipped/>
  </testcase>
  <testcase name="Scenario: User LogOut In The My Itinerary Page" classname="Scenario: User LogOut In The My Itinerary Page" time="0">
    <skipped/>
  </testcase>
  <testcase name="Scenario: User LogOut In The My Itinerary Page" classname="Scenario: User LogOut In The My Itinerary Page" time="0"/>
  <testcase name="com.adactin.runner.Runner" classname="com.adactin.runner.Runner" time="0">
    <error type="java.lang.NullPointerException">java.lang.NullPointerException
	at com.adactin.runner.Runner.teardown(Runner.java:41)
</error>
  </testcase>
</testsuite>